This is pdfTeX, Version 3.141592653-2.6-1.40.26 (TeX Live 2025/dev/Debian) (preloaded format=pdflatex 2026.4.6)  16 JUL 2026 20:59
entering extended mode
 restricted \write18 enabled.
 %&-line parsing enabled.
**proofs/erdos_64_eg/erdos_64_proof.tex
(./proofs/erdos_64_eg/erdos_64_proof.tex
LaTeX2e <2024-11-01> patch level 2
L3 programming layer <2025-01-18>
(/usr/share/texlive/texmf-dist/tex/latex/base/article.cls
Document Class: article 2024/06/29 v1.4n Standard LaTeX document class
(/usr/share/texlive/texmf-dist/tex/latex/base/size11.clo
File: size11.clo 2024/06/29 v1.4n Standard LaTeX file (size option)
)
\c@part=\count196
\c@section=\count197
\c@subsection=\count198
\c@subsubsection=\count199
\c@paragraph=\count266
\c@subparagraph=\count267
\c@figure=\count268
\c@table=\count269
\abovecaptionskip=\skip49
\belowcaptionskip=\skip50
\bibindent=\dimen141
)
(/usr/share/texlive/texmf-dist/tex/latex/geometry/geometry.sty
Package: geometry 2020/01/02 v5.9 Page Geometry

(/usr/share/texlive/texmf-dist/tex/latex/graphics/keyval.sty
Package: keyval 2022/05/29 v1.15 key=value parser (DPC)
\KV@toks@=\toks17
)
(/usr/share/texlive/texmf-dist/tex/generic/iftex/ifvtex.sty
Package: ifvtex 2019/10/25 v1.7 ifvtex legacy package. Use iftex instead.

(/usr/share/texlive/texmf-dist/tex/generic/iftex/iftex.sty
Package: iftex 2024/12/12 v1.0g TeX engine tests
))
\Gm@cnth=\count270
\Gm@cntv=\count271
\c@Gm@tempcnt=\count272
\Gm@bindingoffset=\dimen142
\Gm@wd@mp=\dimen143
\Gm@odd@mp=\dimen144
\Gm@even@mp=\dimen145
\Gm@layoutwidth=\dimen146
\Gm@layoutheight=\dimen147
\Gm@layouthoffset=\dimen148
\Gm@layoutvoffset=\dimen149
\Gm@dimlist=\toks18
)
(/usr/share/texlive/texmf-dist/tex/latex/base/fontenc.sty
Package: fontenc 2021/04/29 v2.0v Standard LaTeX package
)
(/usr/share/texmf/tex/latex/lm/lmodern.sty
Package: lmodern 2015/05/01 v1.6.1 Latin Modern Fonts
LaTeX Font Info:    Overwriting symbol font `operators' in version `normal'
(Font)                  OT1/cmr/m/n --> OT1/lmr/m/n on input line 22.
LaTeX Font Info:    Overwriting symbol font `letters' in version `normal'
(Font)                  OML/cmm/m/it --> OML/lmm/m/it on input line 23.
LaTeX Font Info:    Overwriting symbol font `symbols' in version `normal'
(Font)                  OMS/cmsy/m/n --> OMS/lmsy/m/n on input line 24.
LaTeX Font Info:    Overwriting symbol font `largesymbols' in version `normal'
(Font)                  OMX/cmex/m/n --> OMX/lmex/m/n on input line 25.
LaTeX Font Info:    Overwriting symbol font `operators' in version `bold'
(Font)                  OT1/cmr/bx/n --> OT1/lmr/bx/n on input line 26.
LaTeX Font Info:    Overwriting symbol font `letters' in version `bold'
(Font)                  OML/cmm/b/it --> OML/lmm/b/it on input line 27.
LaTeX Font Info:    Overwriting symbol font `symbols' in version `bold'
(Font)                  OMS/cmsy/b/n --> OMS/lmsy/b/n on input line 28.
LaTeX Font Info:    Overwriting symbol font `largesymbols' in version `bold'
(Font)                  OMX/cmex/m/n --> OMX/lmex/m/n on input line 29.
LaTeX Font Info:    Overwriting math alphabet `\mathbf' in version `normal'
(Font)                  OT1/cmr/bx/n --> OT1/lmr/bx/n on input line 31.
LaTeX Font Info:    Overwriting math alphabet `\mathsf' in version `normal'
(Font)                  OT1/cmss/m/n --> OT1/lmss/m/n on input line 32.
LaTeX Font Info:    Overwriting math alphabet `\mathit' in version `normal'
(Font)                  OT1/cmr/m/it --> OT1/lmr/m/it on input line 33.
LaTeX Font Info:    Overwriting math alphabet `\mathtt' in version `normal'
(Font)                  OT1/cmtt/m/n --> OT1/lmtt/m/n on input line 34.
LaTeX Font Info:    Overwriting math alphabet `\mathbf' in version `bold'
(Font)                  OT1/cmr/bx/n --> OT1/lmr/bx/n on input line 35.
LaTeX Font Info:    Overwriting math alphabet `\mathsf' in version `bold'
(Font)                  OT1/cmss/bx/n --> OT1/lmss/bx/n on input line 36.
LaTeX Font Info:    Overwriting math alphabet `\mathit' in version `bold'
(Font)                  OT1/cmr/bx/it --> OT1/lmr/bx/it on input line 37.
LaTeX Font Info:    Overwriting math alphabet `\mathtt' in version `bold'
(Font)                  OT1/cmtt/m/n --> OT1/lmtt/m/n on input line 38.
)
(/usr/share/texlive/texmf-dist/tex/latex/amsmath/amsmath.sty
Package: amsmath 2024/11/05 v2.17t AMS math features
\@mathmargin=\skip51

For additional information on amsmath, use the `?' option.
(/usr/share/texlive/texmf-dist/tex/latex/amsmath/amstext.sty
Package: amstext 2021/08/26 v2.01 AMS text

(/usr/share/texlive/texmf-dist/tex/latex/amsmath/amsgen.sty
File: amsgen.sty 1999/11/30 v2.0 generic functions
\@emptytoks=\toks19
\ex@=\dimen150
))
(/usr/share/texlive/texmf-dist/tex/latex/amsmath/amsbsy.sty
Package: amsbsy 1999/11/29 v1.2d Bold Symbols
\pmbraise@=\dimen151
)
(/usr/share/texlive/texmf-dist/tex/latex/amsmath/amsopn.sty
Package: amsopn 2022/04/08 v2.04 operator names
)
\inf@bad=\count273
LaTeX Info: Redefining \frac on input line 233.
\uproot@=\count274
\leftroot@=\count275
LaTeX Info: Redefining \overline on input line 398.
LaTeX Info: Redefining \colon on input line 409.
\classnum@=\count276
\DOTSCASE@=\count277
LaTeX Info: Redefining \ldots on input line 495.
LaTeX Info: Redefining \dots on input line 498.
LaTeX Info: Redefining \cdots on input line 619.
\Mathstrutbox@=\box52
\strutbox@=\box53
LaTeX Info: Redefining \big on input line 721.
LaTeX Info: Redefining \Big on input line 722.
LaTeX Info: Redefining \bigg on input line 723.
LaTeX Info: Redefining \Bigg on input line 724.
\big@size=\dimen152
LaTeX Font Info:    Redeclaring font encoding OML on input line 742.
LaTeX Font Info:    Redeclaring font encoding OMS on input line 743.
\macc@depth=\count278
LaTeX Info: Redefining \bmod on input line 904.
LaTeX Info: Redefining \pmod on input line 909.
LaTeX Info: Redefining \smash on input line 939.
LaTeX Info: Redefining \relbar on input line 969.
LaTeX Info: Redefining \Relbar on input line 970.
\c@MaxMatrixCols=\count279
\dotsspace@=\muskip17
\c@parentequation=\count280
\dspbrk@lvl=\count281
\tag@help=\toks20
\row@=\count282
\column@=\count283
\maxfields@=\count284
\andhelp@=\toks21
\eqnshift@=\dimen153
\alignsep@=\dimen154
\tagshift@=\dimen155
\tagwidth@=\dimen156
\totwidth@=\dimen157
\lineht@=\dimen158
\@envbody=\toks22
\multlinegap=\skip52
\multlinetaggap=\skip53
\mathdisplay@stack=\toks23
LaTeX Info: Redefining \[ on input line 2953.
LaTeX Info: Redefining \] on input line 2954.
)
(/usr/share/texlive/texmf-dist/tex/latex/amsfonts/amssymb.sty
Package: amssymb 2013/01/14 v3.01 AMS font symbols

(/usr/share/texlive/texmf-dist/tex/latex/amsfonts/amsfonts.sty
Package: amsfonts 2013/01/14 v3.01 Basic AMSFonts support
\symAMSa=\mathgroup4
\symAMSb=\mathgroup5
LaTeX Font Info:    Redeclaring math symbol \hbar on input line 98.
LaTeX Font Info:    Overwriting math alphabet `\mathfrak' in version `bold'
(Font)                  U/euf/m/n --> U/euf/b/n on input line 106.
))
(/usr/share/texlive/texmf-dist/tex/latex/amscls/amsthm.sty
Package: amsthm 2020/05/29 v2.20.6
\thm@style=\toks24
\thm@bodyfont=\toks25
\thm@headfont=\toks26
\thm@notefont=\toks27
\thm@headpunct=\toks28
\thm@preskip=\skip54
\thm@postskip=\skip55
\thm@headsep=\skip56
\dth@everypar=\toks29
)
(/usr/share/texlive/texmf-dist/tex/latex/mathtools/mathtools.sty
Package: mathtools 2024/10/04 v1.31 mathematical typesetting tools

(/usr/share/texlive/texmf-dist/tex/latex/tools/calc.sty
Package: calc 2023/07/08 v4.3 Infix arithmetic (KKT,FJ)
\calc@Acount=\count285
\calc@Bcount=\count286
\calc@Adimen=\dimen159
\calc@Bdimen=\dimen160
\calc@Askip=\skip57
\calc@Bskip=\skip58
LaTeX Info: Redefining \setlength on input line 80.
LaTeX Info: Redefining \addtolength on input line 81.
\calc@Ccount=\count287
\calc@Cskip=\skip59
)
(/usr/share/texlive/texmf-dist/tex/latex/mathtools/mhsetup.sty
Package: mhsetup 2021/03/18 v1.4 programming setup (MH)
)
\g_MT_multlinerow_int=\count288
\l_MT_multwidth_dim=\dimen161
\origjot=\skip60
\l_MT_shortvdotswithinadjustabove_dim=\dimen162
\l_MT_shortvdotswithinadjustbelow_dim=\dimen163
\l_MT_above_intertext_sep=\dimen164
\l_MT_below_intertext_sep=\dimen165
\l_MT_above_shortintertext_sep=\dimen166
\l_MT_below_shortintertext_sep=\dimen167
\xmathstrut@box=\box54
\xmathstrut@dim=\dimen168
)
(/usr/share/texlive/texmf-dist/tex/latex/enumitem/enumitem.sty
Package: enumitem 2025/02/06 v3.11 Customized lists
\labelindent=\skip61
\enit@outerparindent=\dimen169
\enit@toks=\toks30
\enit@inbox=\box55
\enit@count@id=\count289
\enitdp@description=\count290
)
(/usr/share/texlive/texmf-dist/tex/latex/booktabs/booktabs.sty
Package: booktabs 2020/01/12 v1.61803398 Publication quality tables
\heavyrulewidth=\dimen170
\lightrulewidth=\dimen171
\cmidrulewidth=\dimen172
\belowrulesep=\dimen173
\belowbottomsep=\dimen174
\aboverulesep=\dimen175
\abovetopsep=\dimen176
\cmidrulesep=\dimen177
\cmidrulekern=\dimen178
\defaultaddspace=\dimen179
\@cmidla=\count291
\@cmidlb=\count292
\@aboverulesep=\dimen180
\@belowrulesep=\dimen181
\@thisruleclass=\count293
\@lastruleclass=\count294
\@thisrulewidth=\dimen182
)
(/usr/share/texlive/texmf-dist/tex/latex/tools/array.sty
Package: array 2024/10/17 v2.6g Tabular extension package (FMi)
\col@sep=\dimen183
\ar@mcellbox=\box56
\extrarowheight=\dimen184
\NC@list=\toks31
\extratabsurround=\skip62
\backup@length=\skip63
\ar@cellbox=\box57
)
(/usr/share/texlive/texmf-dist/tex/latex/graphics/graphicx.sty
Package: graphicx 2021/09/16 v1.2d Enhanced LaTeX Graphics (DPC,SPQR)

(/usr/share/texlive/texmf-dist/tex/latex/graphics/graphics.sty
Package: graphics 2024/08/06 v1.4g Standard LaTeX Graphics (DPC,SPQR)

(/usr/share/texlive/texmf-dist/tex/latex/graphics/trig.sty
Package: trig 2023/12/02 v1.11 sin cos tan (DPC)
)
(/usr/share/texlive/texmf-dist/tex/latex/graphics-cfg/graphics.cfg
File: graphics.cfg 2016/06/04 v1.11 sample graphics configuration
)
Package graphics Info: Driver file: pdftex.def on input line 106.

(/usr/share/texlive/texmf-dist/tex/latex/graphics-def/pdftex.def
File: pdftex.def 2024/04/13 v1.2c Graphics/color driver for pdftex
))
\Gin@req@height=\dimen185
\Gin@req@width=\dimen186
)
(/usr/share/texlive/texmf-dist/tex/latex/tools/longtable.sty
Package: longtable 2024-10-27 v4.22 Multi-page Table package (DPC)
\LTleft=\skip64
\LTright=\skip65
\LTpre=\skip66
\LTpost=\skip67
\LTchunksize=\count295
\LTcapwidth=\dimen187
\LT@head=\box58
\LT@firsthead=\box59
\LT@foot=\box60
\LT@lastfoot=\box61
\LT@gbox=\box62
\LT@cols=\count296
\LT@rows=\count297
\c@LT@tables=\count298
\c@LT@chunks=\count299
\LT@p@ftn=\toks32
)
(/usr/share/texlive/texmf-dist/tex/latex/pgf/frontendlayer/tikz.sty
(/usr/share/texlive/texmf-dist/tex/latex/pgf/basiclayer/pgf.sty
(/usr/share/texlive/texmf-dist/tex/latex/pgf/utilities/pgfrcs.sty
(/usr/share/texlive/texmf-dist/tex/generic/pgf/utilities/pgfutil-common.tex
\pgfutil@everybye=\toks33
\pgfutil@tempdima=\dimen188
\pgfutil@tempdimb=\dimen189
)
(/usr/share/texlive/texmf-dist/tex/generic/pgf/utilities/pgfutil-latex.def
\pgfutil@abb=\box63
)
(/usr/share/texlive/texmf-dist/tex/generic/pgf/utilities/pgfrcs.code.tex
(/usr/share/texlive/texmf-dist/tex/generic/pgf/pgf.revision.tex)
Package: pgfrcs 2023-01-15 v3.1.10 (3.1.10)
))
Package: pgf 2023-01-15 v3.1.10 (3.1.10)

(/usr/share/texlive/texmf-dist/tex/latex/pgf/basiclayer/pgfcore.sty
(/usr/share/texlive/texmf-dist/tex/latex/pgf/systemlayer/pgfsys.sty
(/usr/share/texlive/texmf-dist/tex/generic/pgf/systemlayer/pgfsys.code.tex
Package: pgfsys 2023-01-15 v3.1.10 (3.1.10)

(/usr/share/texlive/texmf-dist/tex/generic/pgf/utilities/pgfkeys.code.tex
\pgfkeys@pathtoks=\toks34
\pgfkeys@temptoks=\toks35

(/usr/share/texlive/texmf-dist/tex/generic/pgf/utilities/pgfkeyslibraryfiltered
.code.tex
\pgfkeys@tmptoks=\toks36
))
\pgf@x=\dimen190
\pgf@y=\dimen191
\pgf@xa=\dimen192
\pgf@ya=\dimen193
\pgf@xb=\dimen194
\pgf@yb=\dimen195
\pgf@xc=\dimen196
\pgf@yc=\dimen197
\pgf@xd=\dimen198
\pgf@yd=\dimen199
\w@pgf@writea=\write3
\r@pgf@reada=\read2
\c@pgf@counta=\count300
\c@pgf@countb=\count301
\c@pgf@countc=\count302
\c@pgf@countd=\count303
\t@pgf@toka=\toks37
\t@pgf@tokb=\toks38
\t@pgf@tokc=\toks39
\pgf@sys@id@count=\count304
 (/usr/share/texlive/texmf-dist/tex/generic/pgf/systemlayer/pgf.cfg
File: pgf.cfg 2023-01-15 v3.1.10 (3.1.10)
)
Driver file for pgf: pgfsys-pdftex.def
(/usr/share/texlive/texmf-dist/tex/generic/pgf/systemlayer/pgfsys-pdftex.def
File: pgfsys-pdftex.def 2023-01-15 v3.1.10 (3.1.10)

(/usr/share/texlive/texmf-dist/tex/generic/pgf/systemlayer/pgfsys-common-pdf.de
f
File: pgfsys-common-pdf.def 2023-01-15 v3.1.10 (3.1.10)
)))
(/usr/share/texlive/texmf-dist/tex/generic/pgf/systemlayer/pgfsyssoftpath.code.
tex
File: pgfsyssoftpath.code.tex 2023-01-15 v3.1.10 (3.1.10)
\pgfsyssoftpath@smallbuffer@items=\count305
\pgfsyssoftpath@bigbuffer@items=\count306
)
(/usr/share/texlive/texmf-dist/tex/generic/pgf/systemlayer/pgfsysprotocol.code.
tex
File: pgfsysprotocol.code.tex 2023-01-15 v3.1.10 (3.1.10)
)) (/usr/share/texlive/texmf-dist/tex/latex/xcolor/xcolor.sty
Package: xcolor 2024/09/29 v3.02 LaTeX color extensions (UK)

(/usr/share/texlive/texmf-dist/tex/latex/graphics-cfg/color.cfg
File: color.cfg 2016/01/02 v1.6 sample color configuration
)
Package xcolor Info: Driver file: pdftex.def on input line 274.

(/usr/share/texlive/texmf-dist/tex/latex/graphics/mathcolor.ltx)
Package xcolor Info: Model `cmy' substituted by `cmy0' on input line 1349.
Package xcolor Info: Model `hsb' substituted by `rgb' on input line 1353.
Package xcolor Info: Model `RGB' extended on input line 1365.
Package xcolor Info: Model `HTML' substituted by `rgb' on input line 1367.
Package xcolor Info: Model `Hsb' substituted by `hsb' on input line 1368.
Package xcolor Info: Model `tHsb' substituted by `hsb' on input line 1369.
Package xcolor Info: Model `HSB' substituted by `hsb' on input line 1370.
Package xcolor Info: Model `Gray' substituted by `gray' on input line 1371.
Package xcolor Info: Model `wave' substituted by `hsb' on input line 1372.
)
(/usr/share/texlive/texmf-dist/tex/generic/pgf/basiclayer/pgfcore.code.tex
Package: pgfcore 2023-01-15 v3.1.10 (3.1.10)

(/usr/share/texlive/texmf-dist/tex/generic/pgf/math/pgfmath.code.tex
(/usr/share/texlive/texmf-dist/tex/generic/pgf/math/pgfmathutil.code.tex)
(/usr/share/texlive/texmf-dist/tex/generic/pgf/math/pgfmathparser.code.tex
\pgfmath@dimen=\dimen256
\pgfmath@count=\count307
\pgfmath@box=\box64
\pgfmath@toks=\toks40
\pgfmath@stack@operand=\toks41
\pgfmath@stack@operation=\toks42
)
(/usr/share/texlive/texmf-dist/tex/generic/pgf/math/pgfmathfunctions.code.tex)
(/usr/share/texlive/texmf-dist/tex/generic/pgf/math/pgfmathfunctions.basic.code
.tex)
(/usr/share/texlive/texmf-dist/tex/generic/pgf/math/pgfmathfunctions.trigonomet
ric.code.tex)
(/usr/share/texlive/texmf-dist/tex/generic/pgf/math/pgfmathfunctions.random.cod
e.tex)
(/usr/share/texlive/texmf-dist/tex/generic/pgf/math/pgfmathfunctions.comparison
.code.tex)
(/usr/share/texlive/texmf-dist/tex/generic/pgf/math/pgfmathfunctions.base.code.
tex)
(/usr/share/texlive/texmf-dist/tex/generic/pgf/math/pgfmathfunctions.round.code
.tex)
(/usr/share/texlive/texmf-dist/tex/generic/pgf/math/pgfmathfunctions.misc.code.
tex)
(/usr/share/texlive/texmf-dist/tex/generic/pgf/math/pgfmathfunctions.integerari
thmetics.code.tex)
(/usr/share/texlive/texmf-dist/tex/generic/pgf/math/pgfmathcalc.code.tex)
(/usr/share/texlive/texmf-dist/tex/generic/pgf/math/pgfmathfloat.code.tex
\c@pgfmathroundto@lastzeros=\count308
))
(/usr/share/texlive/texmf-dist/tex/generic/pgf/math/pgfint.code.tex)
(/usr/share/texlive/texmf-dist/tex/generic/pgf/basiclayer/pgfcorepoints.code.te
x
File: pgfcorepoints.code.tex 2023-01-15 v3.1.10 (3.1.10)
\pgf@picminx=\dimen257
\pgf@picmaxx=\dimen258
\pgf@picminy=\dimen259
\pgf@picmaxy=\dimen260
\pgf@pathminx=\dimen261
\pgf@pathmaxx=\dimen262
\pgf@pathminy=\dimen263
\pgf@pathmaxy=\dimen264
\pgf@xx=\dimen265
\pgf@xy=\dimen266
\pgf@yx=\dimen267
\pgf@yy=\dimen268
\pgf@zx=\dimen269
\pgf@zy=\dimen270
)
(/usr/share/texlive/texmf-dist/tex/generic/pgf/basiclayer/pgfcorepathconstruct.
code.tex
File: pgfcorepathconstruct.code.tex 2023-01-15 v3.1.10 (3.1.10)
\pgf@path@lastx=\dimen271
\pgf@path@lasty=\dimen272
)
(/usr/share/texlive/texmf-dist/tex/generic/pgf/basiclayer/pgfcorepathusage.code
.tex
File: pgfcorepathusage.code.tex 2023-01-15 v3.1.10 (3.1.10)
\pgf@shorten@end@additional=\dimen273
\pgf@shorten@start@additional=\dimen274
)
(/usr/share/texlive/texmf-dist/tex/generic/pgf/basiclayer/pgfcorescopes.code.te
x
File: pgfcorescopes.code.tex 2023-01-15 v3.1.10 (3.1.10)
\pgfpic=\box65
\pgf@hbox=\box66
\pgf@layerbox@main=\box67
\pgf@picture@serial@count=\count309
)
(/usr/share/texlive/texmf-dist/tex/generic/pgf/basiclayer/pgfcoregraphicstate.c
ode.tex
File: pgfcoregraphicstate.code.tex 2023-01-15 v3.1.10 (3.1.10)
\pgflinewidth=\dimen275
)
(/usr/share/texlive/texmf-dist/tex/generic/pgf/basiclayer/pgfcoretransformation
s.code.tex
File: pgfcoretransformations.code.tex 2023-01-15 v3.1.10 (3.1.10)
\pgf@pt@x=\dimen276
\pgf@pt@y=\dimen277
\pgf@pt@temp=\dimen278
)
(/usr/share/texlive/texmf-dist/tex/generic/pgf/basiclayer/pgfcorequick.code.tex
File: pgfcorequick.code.tex 2023-01-15 v3.1.10 (3.1.10)
)
(/usr/share/texlive/texmf-dist/tex/generic/pgf/basiclayer/pgfcoreobjects.code.t
ex
File: pgfcoreobjects.code.tex 2023-01-15 v3.1.10 (3.1.10)
)
(/usr/share/texlive/texmf-dist/tex/generic/pgf/basiclayer/pgfcorepathprocessing
.code.tex
File: pgfcorepathprocessing.code.tex 2023-01-15 v3.1.10 (3.1.10)
)
(/usr/share/texlive/texmf-dist/tex/generic/pgf/basiclayer/pgfcorearrows.code.te
x
File: pgfcorearrows.code.tex 2023-01-15 v3.1.10 (3.1.10)
\pgfarrowsep=\dimen279
)
(/usr/share/texlive/texmf-dist/tex/generic/pgf/basiclayer/pgfcoreshade.code.tex
File: pgfcoreshade.code.tex 2023-01-15 v3.1.10 (3.1.10)
\pgf@max=\dimen280
\pgf@sys@shading@range@num=\count310
\pgf@shadingcount=\count311
)
(/usr/share/texlive/texmf-dist/tex/generic/pgf/basiclayer/pgfcoreimage.code.tex
File: pgfcoreimage.code.tex 2023-01-15 v3.1.10 (3.1.10)
)
(/usr/share/texlive/texmf-dist/tex/generic/pgf/basiclayer/pgfcoreexternal.code.
tex
File: pgfcoreexternal.code.tex 2023-01-15 v3.1.10 (3.1.10)
\pgfexternal@startupbox=\box68
)
(/usr/share/texlive/texmf-dist/tex/generic/pgf/basiclayer/pgfcorelayers.code.te
x
File: pgfcorelayers.code.tex 2023-01-15 v3.1.10 (3.1.10)
)
(/usr/share/texlive/texmf-dist/tex/generic/pgf/basiclayer/pgfcoretransparency.c
ode.tex
File: pgfcoretransparency.code.tex 2023-01-15 v3.1.10 (3.1.10)
)
(/usr/share/texlive/texmf-dist/tex/generic/pgf/basiclayer/pgfcorepatterns.code.
tex
File: pgfcorepatterns.code.tex 2023-01-15 v3.1.10 (3.1.10)
)
(/usr/share/texlive/texmf-dist/tex/generic/pgf/basiclayer/pgfcorerdf.code.tex
File: pgfcorerdf.code.tex 2023-01-15 v3.1.10 (3.1.10)
)))
(/usr/share/texlive/texmf-dist/tex/generic/pgf/modules/pgfmoduleshapes.code.tex
File: pgfmoduleshapes.code.tex 2023-01-15 v3.1.10 (3.1.10)
\pgfnodeparttextbox=\box69
) (/usr/share/texlive/texmf-dist/tex/generic/pgf/modules/pgfmoduleplot.code.tex
File: pgfmoduleplot.code.tex 2023-01-15 v3.1.10 (3.1.10)
)
(/usr/share/texlive/texmf-dist/tex/latex/pgf/compatibility/pgfcomp-version-0-65
.sty
Package: pgfcomp-version-0-65 2023-01-15 v3.1.10 (3.1.10)
\pgf@nodesepstart=\dimen281
\pgf@nodesepend=\dimen282
)
(/usr/share/texlive/texmf-dist/tex/latex/pgf/compatibility/pgfcomp-version-1-18
.sty
Package: pgfcomp-version-1-18 2023-01-15 v3.1.10 (3.1.10)
)) (/usr/share/texlive/texmf-dist/tex/latex/pgf/utilities/pgffor.sty
(/usr/share/texlive/texmf-dist/tex/latex/pgf/utilities/pgfkeys.sty
(/usr/share/texlive/texmf-dist/tex/generic/pgf/utilities/pgfkeys.code.tex))
(/usr/share/texlive/texmf-dist/tex/latex/pgf/math/pgfmath.sty
(/usr/share/texlive/texmf-dist/tex/generic/pgf/math/pgfmath.code.tex))
(/usr/share/texlive/texmf-dist/tex/generic/pgf/utilities/pgffor.code.tex
Package: pgffor 2023-01-15 v3.1.10 (3.1.10)
\pgffor@iter=\dimen283
\pgffor@skip=\dimen284
\pgffor@stack=\toks43
\pgffor@toks=\toks44
))
(/usr/share/texlive/texmf-dist/tex/generic/pgf/frontendlayer/tikz/tikz.code.tex
Package: tikz 2023-01-15 v3.1.10 (3.1.10)

(/usr/share/texlive/texmf-dist/tex/generic/pgf/libraries/pgflibraryplothandlers
.code.tex
File: pgflibraryplothandlers.code.tex 2023-01-15 v3.1.10 (3.1.10)
\pgf@plot@mark@count=\count312
\pgfplotmarksize=\dimen285
)
\tikz@lastx=\dimen286
\tikz@lasty=\dimen287
\tikz@lastxsaved=\dimen288
\tikz@lastysaved=\dimen289
\tikz@lastmovetox=\dimen290
\tikz@lastmovetoy=\dimen291
\tikzleveldistance=\dimen292
\tikzsiblingdistance=\dimen293
\tikz@figbox=\box70
\tikz@figbox@bg=\box71
\tikz@tempbox=\box72
\tikz@tempbox@bg=\box73
\tikztreelevel=\count313
\tikznumberofchildren=\count314
\tikznumberofcurrentchild=\count315
\tikz@fig@count=\count316

(/usr/share/texlive/texmf-dist/tex/generic/pgf/modules/pgfmodulematrix.code.tex
File: pgfmodulematrix.code.tex 2023-01-15 v3.1.10 (3.1.10)
\pgfmatrixcurrentrow=\count317
\pgfmatrixcurrentcolumn=\count318
\pgf@matrix@numberofcolumns=\count319
)
\tikz@expandcount=\count320

(/usr/share/texlive/texmf-dist/tex/generic/pgf/frontendlayer/tikz/libraries/tik
zlibrarytopaths.code.tex
File: tikzlibrarytopaths.code.tex 2023-01-15 v3.1.10 (3.1.10)
)))
(/usr/share/texlive/texmf-dist/tex/generic/pgf/libraries/pgflibraryarrows.meta.
code.tex
File: pgflibraryarrows.meta.code.tex 2023-01-15 v3.1.10 (3.1.10)
\pgfarrowinset=\dimen294
\pgfarrowlength=\dimen295
\pgfarrowwidth=\dimen296
\pgfarrowlinewidth=\dimen297
)
(/usr/share/texlive/texmf-dist/tex/generic/pgf/frontendlayer/tikz/libraries/tik
zlibrarypositioning.code.tex
File: tikzlibrarypositioning.code.tex 2023-01-15 v3.1.10 (3.1.10)
)
(/usr/share/texlive/texmf-dist/tex/generic/pgf/frontendlayer/tikz/libraries/tik
zlibraryshapes.geometric.code.tex
File: tikzlibraryshapes.geometric.code.tex 2023-01-15 v3.1.10 (3.1.10)

(/usr/share/texlive/texmf-dist/tex/generic/pgf/libraries/shapes/pgflibraryshape
s.geometric.code.tex
File: pgflibraryshapes.geometric.code.tex 2023-01-15 v3.1.10 (3.1.10)
))
(/usr/share/texlive/texmf-dist/tex/generic/pgf/frontendlayer/tikz/libraries/tik
zlibrarycalc.code.tex
File: tikzlibrarycalc.code.tex 2023-01-15 v3.1.10 (3.1.10)
)
(/usr/share/texlive/texmf-dist/tex/latex/caption/caption.sty
Package: caption 2023/08/05 v3.6o Customizing captions (AR)

(/usr/share/texlive/texmf-dist/tex/latex/caption/caption3.sty
Package: caption3 2023/07/31 v2.4d caption3 kernel (AR)
\caption@tempdima=\dimen298
\captionmargin=\dimen299
\caption@leftmargin=\dimen300
\caption@rightmargin=\dimen301
\caption@width=\dimen302
\caption@indent=\dimen303
\caption@parindent=\dimen304
\caption@hangindent=\dimen305
Package caption Info: Standard document class detected.
)
\c@caption@flags=\count321
\c@continuedfloat=\count322
Package caption Info: longtable package is loaded.

(/usr/share/texlive/texmf-dist/tex/latex/caption/ltcaption.sty
Package: ltcaption 2021/01/08 v1.4c longtable captions (AR)
))
(/usr/share/texlive/texmf-dist/tex/latex/hyperref/hyperref.sty
Package: hyperref 2024-11-05 v7.01l Hypertext links for LaTeX

(/usr/share/texlive/texmf-dist/tex/latex/kvsetkeys/kvsetkeys.sty
Package: kvsetkeys 2022-10-05 v1.19 Key value parser (HO)
)
(/usr/share/texlive/texmf-dist/tex/generic/kvdefinekeys/kvdefinekeys.sty
Package: kvdefinekeys 2019-12-19 v1.6 Define keys (HO)
)
(/usr/share/texlive/texmf-dist/tex/generic/pdfescape/pdfescape.sty
Package: pdfescape 2019/12/09 v1.15 Implements pdfTeX's escape features (HO)

(/usr/share/texlive/texmf-dist/tex/generic/ltxcmds/ltxcmds.sty
Package: ltxcmds 2023-12-04 v1.26 LaTeX kernel commands for general use (HO)
)
(/usr/share/texlive/texmf-dist/tex/generic/pdftexcmds/pdftexcmds.sty
Package: pdftexcmds 2020-06-27 v0.33 Utility functions of pdfTeX for LuaTeX (HO
)

(/usr/share/texlive/texmf-dist/tex/generic/infwarerr/infwarerr.sty
Package: infwarerr 2019/12/03 v1.5 Providing info/warning/error messages (HO)
)
Package pdftexcmds Info: \pdf@primitive is available.
Package pdftexcmds Info: \pdf@ifprimitive is available.
Package pdftexcmds Info: \pdfdraftmode found.
))
(/usr/share/texlive/texmf-dist/tex/latex/hycolor/hycolor.sty
Package: hycolor 2020-01-27 v1.10 Color options for hyperref/bookmark (HO)
)
(/usr/share/texlive/texmf-dist/tex/latex/hyperref/nameref.sty
Package: nameref 2023-11-26 v2.56 Cross-referencing by name of section

(/usr/share/texlive/texmf-dist/tex/latex/refcount/refcount.sty
Package: refcount 2019/12/15 v3.6 Data extraction from label references (HO)
)
(/usr/share/texlive/texmf-dist/tex/generic/gettitlestring/gettitlestring.sty
Package: gettitlestring 2019/12/15 v1.6 Cleanup title references (HO)

(/usr/share/texlive/texmf-dist/tex/latex/kvoptions/kvoptions.sty
Package: kvoptions 2022-06-15 v3.15 Key value format for package options (HO)
))
\c@section@level=\count323
)
(/usr/share/texlive/texmf-dist/tex/latex/etoolbox/etoolbox.sty
Package: etoolbox 2025/02/11 v2.5l e-TeX tools for LaTeX (JAW)
\etb@tempcnta=\count324
)
(/usr/share/texlive/texmf-dist/tex/generic/stringenc/stringenc.sty
Package: stringenc 2019/11/29 v1.12 Convert strings between diff. encodings (HO
)
)
\@linkdim=\dimen306
\Hy@linkcounter=\count325
\Hy@pagecounter=\count326

(/usr/share/texlive/texmf-dist/tex/latex/hyperref/pd1enc.def
File: pd1enc.def 2024-11-05 v7.01l Hyperref: PDFDocEncoding definition (HO)
Now handling font encoding PD1 ...
... no UTF-8 mapping file for font encoding PD1
)
(/usr/share/texlive/texmf-dist/tex/generic/intcalc/intcalc.sty
Package: intcalc 2019/12/15 v1.3 Expandable calculations with integers (HO)
)
\Hy@SavedSpaceFactor=\count327

(/usr/share/texlive/texmf-dist/tex/latex/hyperref/puenc.def
File: puenc.def 2024-11-05 v7.01l Hyperref: PDF Unicode definition (HO)
Now handling font encoding PU ...
... no UTF-8 mapping file for font encoding PU
)
Package hyperref Info: Hyper figures OFF on input line 4157.
Package hyperref Info: Link nesting OFF on input line 4162.
Package hyperref Info: Hyper index ON on input line 4165.
Package hyperref Info: Plain pages OFF on input line 4172.
Package hyperref Info: Backreferencing OFF on input line 4177.
Package hyperref Info: Implicit mode ON; LaTeX internals redefined.
Package hyperref Info: Bookmarks ON on input line 4424.
\c@Hy@tempcnt=\count328

(/usr/share/texlive/texmf-dist/tex/latex/url/url.sty
\Urlmuskip=\muskip18
Package: url 2013/09/16  ver 3.4  Verb mode for urls, etc.
)
LaTeX Info: Redefining \url on input line 4763.
\XeTeXLinkMargin=\dimen307

(/usr/share/texlive/texmf-dist/tex/generic/bitset/bitset.sty
Package: bitset 2019/12/09 v1.3 Handle bit-vector datatype (HO)

(/usr/share/texlive/texmf-dist/tex/generic/bigintcalc/bigintcalc.sty
Package: bigintcalc 2019/12/15 v1.5 Expandable calculations on big integers (HO
)
))
\Fld@menulength=\count329
\Field@Width=\dimen308
\Fld@charsize=\dimen309
Package hyperref Info: Hyper figures OFF on input line 6042.
Package hyperref Info: Link nesting OFF on input line 6047.
Package hyperref Info: Hyper index ON on input line 6050.
Package hyperref Info: backreferencing OFF on input line 6057.
Package hyperref Info: Link coloring OFF on input line 6062.
Package hyperref Info: Link coloring with OCG OFF on input line 6067.
Package hyperref Info: PDF/A mode OFF on input line 6072.

(/usr/share/texlive/texmf-dist/tex/latex/base/atbegshi-ltx.sty
Package: atbegshi-ltx 2021/01/10 v1.0c Emulation of the original atbegshi
package with kernel methods
)
\Hy@abspage=\count330
\c@Item=\count331
\c@Hfootnote=\count332
)
Package hyperref Info: Driver (autodetected): hpdftex.

(/usr/share/texlive/texmf-dist/tex/latex/hyperref/hpdftex.def
File: hpdftex.def 2024-11-05 v7.01l Hyperref driver for pdfTeX

(/usr/share/texlive/texmf-dist/tex/latex/base/atveryend-ltx.sty
Package: atveryend-ltx 2020/08/19 v1.0a Emulation of the original atveryend pac
kage
with kernel methods
)
\Fld@listcount=\count333
\c@bookmark@seq@number=\count334

(/usr/share/texlive/texmf-dist/tex/latex/rerunfilecheck/rerunfilecheck.sty
Package: rerunfilecheck 2022-07-10 v1.10 Rerun checks for auxiliary files (HO)

(/usr/share/texlive/texmf-dist/tex/generic/uniquecounter/uniquecounter.sty
Package: uniquecounter 2019/12/15 v1.4 Provide unlimited unique counter (HO)
)
Package uniquecounter Info: New unique counter `rerunfilecheck' on input line 2
85.
)
\Hy@SectionHShift=\skip68
)
(/usr/share/texlive/texmf-dist/tex/latex/cleveref/cleveref.sty
Package: cleveref 2018/03/27 v0.21.4 Intelligent cross-referencing
Package cleveref Info: `hyperref' support loaded on input line 2370.
LaTeX Info: Redefining \cref on input line 2370.
LaTeX Info: Redefining \Cref on input line 2370.
LaTeX Info: Redefining \crefrange on input line 2370.
LaTeX Info: Redefining \Crefrange on input line 2370.
LaTeX Info: Redefining \cpageref on input line 2370.
LaTeX Info: Redefining \Cpageref on input line 2370.
LaTeX Info: Redefining \cpagerefrange on input line 2370.
LaTeX Info: Redefining \Cpagerefrange on input line 2370.
LaTeX Info: Redefining \labelcref on input line 2370.
LaTeX Info: Redefining \labelcpageref on input line 2370.
Package cleveref Info: `amsthm' support loaded on input line 3026.
Package cleveref Info: always capitalise cross-reference names on input line 78
30.
Package cleveref Info: include cross-reference names in hyperlinks on input lin
e 7836.
Package cleveref Info: include cross-reference names in hyperlinks on input lin
e 7852.
Package cleveref Info: always capitalise cross-reference names on input line 78
52.
)
(/usr/share/texlive/texmf-dist/tex/latex/base/textcomp.sty
Package: textcomp 2024/04/24 v2.1b Standard LaTeX package
)
(/usr/share/texlive/texmf-dist/tex/latex/listings/listings.sty
\lst@mode=\count335
\lst@gtempboxa=\box74
\lst@token=\toks45
\lst@length=\count336
\lst@currlwidth=\dimen310
\lst@column=\count337
\lst@pos=\count338
\lst@lostspace=\dimen311
\lst@width=\dimen312
\lst@newlines=\count339
\lst@lineno=\count340
\lst@maxwidth=\dimen313

(/usr/share/texlive/texmf-dist/tex/latex/listings/lstpatch.sty
File: lstpatch.sty 2024/09/23 1.10c (Carsten Heinz)
)
(/usr/share/texlive/texmf-dist/tex/latex/listings/lstmisc.sty
File: lstmisc.sty 2024/09/23 1.10c (Carsten Heinz)
\c@lstnumber=\count341
\lst@skipnumbers=\count342
\lst@framebox=\box75
)
(/usr/share/texlive/texmf-dist/tex/latex/listings/listings.cfg
File: listings.cfg 2024/09/23 1.10c listings configuration
))
Package: listings 2024/09/23 1.10c (Carsten Heinz)
Package hyperref Info: Option `colorlinks' set `true' on input line 20.
\c@theorem=\count343
LaTeX Font Info:    Trying to load font information for T1+lmr on input line 86
.

(/usr/share/texmf/tex/latex/lm/t1lmr.fd
File: t1lmr.fd 2015/05/01 v1.6.1 Font defs for Latin Modern
)
(/usr/share/texlive/texmf-dist/tex/latex/l3backend/l3backend-pdftex.def
File: l3backend-pdftex.def 2024-05-08 L3 backend support: PDF output (pdfTeX)
\l__color_backend_stack_int=\count344
\l__pdf_internal_box=\box76
)
(./erdos_64_proof.aux)
\openout1 = `erdos_64_proof.aux'.

LaTeX Font Info:    Checking defaults for OML/cmm/m/it on input line 86.
LaTeX Font Info:    ... okay on input line 86.
LaTeX Font Info:    Checking defaults for OMS/cmsy/m/n on input line 86.
LaTeX Font Info:    ... okay on input line 86.
LaTeX Font Info:    Checking defaults for OT1/cmr/m/n on input line 86.
LaTeX Font Info:    ... okay on input line 86.
LaTeX Font Info:    Checking defaults for T1/cmr/m/n on input line 86.
LaTeX Font Info:    ... okay on input line 86.
LaTeX Font Info:    Checking defaults for TS1/cmr/m/n on input line 86.
LaTeX Font Info:    ... okay on input line 86.
LaTeX Font Info:    Checking defaults for OMX/cmex/m/n on input line 86.
LaTeX Font Info:    ... okay on input line 86.
LaTeX Font Info:    Checking defaults for U/cmr/m/n on input line 86.
LaTeX Font Info:    ... okay on input line 86.
LaTeX Font Info:    Checking defaults for PD1/pdf/m/n on input line 86.
LaTeX Font Info:    ... okay on input line 86.
LaTeX Font Info:    Checking defaults for PU/pdf/m/n on input line 86.
LaTeX Font Info:    ... okay on input line 86.

*geometry* driver: auto-detecting
*geometry* detected driver: pdftex
*geometry* verbose mode - [ preamble ] result:
* driver: pdftex
* paper: <default>
* layout: <same size as paper>
* layoutoffset:(h,v)=(0.0pt,0.0pt)
* modes: 
* h-part:(L,W,R)=(72.26999pt, 469.75502pt, 72.26999pt)
* v-part:(T,H,B)=(72.26999pt, 650.43001pt, 72.26999pt)
* \paperwidth=614.295pt
* \paperheight=794.96999pt
* \textwidth=469.75502pt
* \textheight=650.43001pt
* \oddsidemargin=0.0pt
* \evensidemargin=0.0pt
* \topmargin=-37.0pt
* \headheight=12.0pt
* \headsep=25.0pt
* \topskip=11.0pt
* \footskip=30.0pt
* \marginparwidth=59.0pt
* \marginparsep=10.0pt
* \columnsep=10.0pt
* \skip\footins=10.0pt plus 4.0pt minus 2.0pt
* \hoffset=0.0pt
* \voffset=0.0pt
* \mag=1000
* \@twocolumnfalse
* \@twosidefalse
* \@mparswitchfalse
* \@reversemarginfalse
* (1in=72.27pt=25.4mm, 1cm=28.453pt)

(/usr/share/texlive/texmf-dist/tex/context/base/mkii/supp-pdf.mkii
[Loading MPS to PDF converter (version 2006.09.02).]
\scratchcounter=\count345
\scratchdimen=\dimen314
\scratchbox=\box77
\nofMPsegments=\count346
\nofMParguments=\count347
\everyMPshowfont=\toks46
\MPscratchCnt=\count348
\MPscratchDim=\dimen315
\MPnumerator=\count349
\makeMPintoPDFobject=\count350
\everyMPtoPDFconversion=\toks47
) (/usr/share/texlive/texmf-dist/tex/latex/epstopdf-pkg/epstopdf-base.sty
Package: epstopdf-base 2020-01-24 v2.11 Base part for package epstopdf
Package epstopdf-base Info: Redefining graphics rule for `.eps' on input line 4
85.

(/usr/share/texlive/texmf-dist/tex/latex/latexconfig/epstopdf-sys.cfg
File: epstopdf-sys.cfg 2010/07/13 v1.3 Configuration of (r)epstopdf for TeX Liv
e
))
Package caption Info: Begin \AtBeginDocument code.
Package caption Info: hyperref package is loaded.
Package caption Info: listings package is loaded.
Package caption Info: End \AtBeginDocument code.
Package hyperref Info: Link coloring ON on input line 86.

(./erdos_64_proof.out) (./erdos_64_proof.out)
\@outlinefile=\write4
\openout4 = `erdos_64_proof.out'.

\c@lstlisting=\count351
LaTeX Font Info:    Trying to load font information for OT1+lmr on input line 8
8.

(/usr/share/texmf/tex/latex/lm/ot1lmr.fd
File: ot1lmr.fd 2015/05/01 v1.6.1 Font defs for Latin Modern
)
LaTeX Font Info:    Trying to load font information for OML+lmm on input line 8
8.

(/usr/share/texmf/tex/latex/lm/omllmm.fd
File: omllmm.fd 2015/05/01 v1.6.1 Font defs for Latin Modern
)
LaTeX Font Info:    Trying to load font information for OMS+lmsy on input line 
88.

(/usr/share/texmf/tex/latex/lm/omslmsy.fd
File: omslmsy.fd 2015/05/01 v1.6.1 Font defs for Latin Modern
)
LaTeX Font Info:    Trying to load font information for OMX+lmex on input line 
88.

(/usr/share/texmf/tex/latex/lm/omxlmex.fd
File: omxlmex.fd 2015/05/01 v1.6.1 Font defs for Latin Modern
)
LaTeX Font Info:    External font `lmex10' loaded for size
(Font)              <12> on input line 88.
LaTeX Font Info:    External font `lmex10' loaded for size
(Font)              <8> on input line 88.
LaTeX Font Info:    External font `lmex10' loaded for size
(Font)              <6> on input line 88.
LaTeX Font Info:    Trying to load font information for U+msa on input line 88.


(/usr/share/texlive/texmf-dist/tex/latex/amsfonts/umsa.fd
File: umsa.fd 2013/01/14 v3.01 AMS symbols A
)
LaTeX Font Info:    Trying to load font information for U+msb on input line 88.


(/usr/share/texlive/texmf-dist/tex/latex/amsfonts/umsb.fd
File: umsb.fd 2013/01/14 v3.01 AMS symbols B
)
LaTeX Font Info:    Trying to load font information for T1+lmtt on input line 8
8.

(/usr/share/texmf/tex/latex/lm/t1lmtt.fd
File: t1lmtt.fd 2015/05/01 v1.6.1 Font defs for Latin Modern
)
LaTeX Font Info:    External font `lmex10' loaded for size
(Font)              <10> on input line 93.
LaTeX Font Info:    External font `lmex10' loaded for size
(Font)              <7> on input line 93.
LaTeX Font Info:    External font `lmex10' loaded for size
(Font)              <5> on input line 93.
 (./erdos_64_proof.toc
LaTeX Font Info:    External font `lmex10' loaded for size
(Font)              <10.95> on input line 31.


[1

{/var/lib/texmf/fonts/map/pdftex/updmap/pdftex.map}{/usr/share/texmf/fonts/enc/
dvips/lm/lm-ec.enc}{/usr/share/texmf/fonts/enc/dvips/lm/lm-mathit.enc}{/usr/sha
re/texmf/fonts/enc/dvips/lm/lm-rm.enc}])
\tf@toc=\write5
\openout5 = `erdos_64_proof.toc'.



[2{/usr/share/texmf/fonts/enc/dvips/lm/lm-mathsy.enc}]

[3]

[4]

[5]

[6]

[7{/usr/share/texmf/fonts/enc/dvips/lm/lm-mathex.enc}]

[8]

[9]

[10]

[11]

[12]

[13]

[14]

[15]

[16]

LaTeX Warning: Float too large for page by 49.25676pt on input line 890.



[17]

[18]

[19]
LaTeX Font Info:    Trying to load font information for U+euf on input line 108
1.
 (/usr/share/texlive/texmf-dist/tex/latex/amsfonts/ueuf.fd
File: ueuf.fd 2013/01/14 v3.01 Euler Fraktur
)
LaTeX Font Info:    Trying to load font information for OT1+lmss on input line 
1081.

(/usr/share/texmf/tex/latex/lm/ot1lmss.fd
File: ot1lmss.fd 2015/05/01 v1.6.1 Font defs for Latin Modern
)

LaTeX Warning: Float too large for page by 348.5308pt on input line 1084.



[20]

[21]
Overfull \hbox (1.35223pt too wide) in paragraph at lines 1201--1201
 []|\T1/lmr/bx/n/8 Item| 
 []


Overfull \hbox (1.59377pt too wide) in paragraph at lines 1213--1214
[]|[][]\T1/lmr/m/n/8 Definition 3.106[][]|  
 []


Overfull \hbox (3.05792pt too wide) in paragraph at lines 1239--1240
[]|[][]\T1/lmr/m/n/8 Definitions 7.50[][], 
 []


Overfull \hbox (3.05792pt too wide) in paragraph at lines 1244--1245
[]|[][]\T1/lmr/m/n/8 Definitions 3.95[][], 
 []


Overfull \hbox (0.69676pt too wide) in paragraph at lines 1249--1250
[]|[][]\T1/lmr/m/n/8 Definitions 3.95[][] 
 []


Overfull \hbox (3.71869pt too wide) in paragraph at lines 1249--1250
\T1/lmr/m/n/8 and [][]Lemma 10.9[][]|  
 []


Overfull \hbox (3.53654pt too wide) in paragraph at lines 1255--1256
[]|[][]\T1/lmr/m/n/8 Proposition 11.9[][]|  
 []


Overfull \hbox (3.95493pt too wide) in paragraph at lines 1261--1262
[]|[][]\T1/lmr/m/n/8 Definition 14.19[][], 
 []


Overfull \hbox (3.95493pt too wide) in paragraph at lines 1264--1265
[]|[][]\T1/lmr/m/n/8 Definition 14.46[][], 
 []

[22












] [23] [24] [25] [26] [27] [28] [29] [30]
Overfull \hbox (1.38318pt too wide) in paragraph at lines 1318--1318
\T1/lmr/m/n/8 uncompressibility|  
 []

[31]

[32]
Overfull \hbox (0.85843pt too wide) in paragraph at lines 1390--1390
[]|\T1/lmr/m/n/8 Delocalization 
 []

[33] [34] [35] [36]

[37]
Overfull \hbox (2.2704pt too wide) in paragraph at lines 1522--1522
 []|\T1/lmr/bx/n/8 Stage| 
 []


Overfull \hbox (15.42957pt too wide) in paragraph at lines 1525--1525
\T1/lmtt/m/n/8 (target/ret/cycle)|  
 []


Overfull \hbox (2.4837pt too wide) in paragraph at lines 1526--1526
[]|[][]\T1/lmr/m/n/8 Definition 2.5[][]|  
 []


Overfull \hbox (2.2704pt too wide) in paragraph at lines 1535--1535
 []|\T1/lmr/bx/n/8 Stage| 
 []


Overfull \hbox (1.77504pt too wide) in paragraph at lines 1541--1541
[]|[][]\T1/lmr/m/n/8 Lemma 3.101[][]|  
 []


Overfull \hbox (1.77504pt too wide) in paragraph at lines 1542--1542
[]|[][]\T1/lmr/m/n/8 Lemma 3.102[][]|  
 []


Overfull \hbox (1.77504pt too wide) in paragraph at lines 1543--1543
[]|[][]\T1/lmr/m/n/8 Lemma 3.103[][]|  
 []


Overfull \hbox (8.99403pt too wide) in paragraph at lines 1544--1544
[]|[][]\T1/lmr/m/n/8 Corollary 3.105[][]|  
 []


Overfull \hbox (2.2704pt too wide) in paragraph at lines 1553--1553
 []|\T1/lmr/bx/n/8 Stage| 
 []


Overfull \hbox (1.77504pt too wide) in paragraph at lines 1556--1556
[]|[][]\T1/lmr/m/n/8 Lemma 3.107[][]|  
 []


Overfull \hbox (1.3984pt too wide) in paragraph at lines 1560--1560
 []|\T1/lmr/m/n/8 ENT/ 
 []


Overfull \hbox (1.98474pt too wide) in paragraph at lines 1560--1560
 \T1/lmr/m/n/8 SURP| 
 []


Overfull \hbox (6.7337pt too wide) in paragraph at lines 1561--1561
[]|[][]\T1/lmr/m/n/8 Definition 3.69[][]|  
 []


Overfull \hbox (1.3984pt too wide) in paragraph at lines 1561--1561
 []|\T1/lmr/m/n/8 ENT/ 
 []


Overfull \hbox (1.98474pt too wide) in paragraph at lines 1561--1561
 \T1/lmr/m/n/8 SURP| 
 []


Overfull \hbox (1.3984pt too wide) in paragraph at lines 1562--1562
 []|\T1/lmr/m/n/8 ENT/ 
 []


Overfull \hbox (1.98474pt too wide) in paragraph at lines 1562--1562
 \T1/lmr/m/n/8 SURP| 
 []


Overfull \hbox (5.44633pt too wide) in paragraph at lines 1563--1563
\T1/lmr/m/n/8 retokenization 
 []


Overfull \hbox (1.3984pt too wide) in paragraph at lines 1563--1563
 []|\T1/lmr/m/n/8 ENT/ 
 []


Overfull \hbox (1.98474pt too wide) in paragraph at lines 1563--1563
 \T1/lmr/m/n/8 SURP| 
 []


Overfull \hbox (6.7337pt too wide) in paragraph at lines 1564--1564
[]|[][]\T1/lmr/m/n/8 Definition 3.37[][]|  
 []


Overfull \hbox (1.3984pt too wide) in paragraph at lines 1564--1564
 []|\T1/lmr/m/n/8 ENT/ 
 []


Overfull \hbox (1.98474pt too wide) in paragraph at lines 1564--1564
 \T1/lmr/m/n/8 SURP| 
 []


Overfull \hbox (1.3984pt too wide) in paragraph at lines 1565--1565
 []|\T1/lmr/m/n/8 ENT/ 
 []


Overfull \hbox (1.98474pt too wide) in paragraph at lines 1565--1565
 \T1/lmr/m/n/8 SURP| 
 []


Overfull \hbox (9.09486pt too wide) in paragraph at lines 1566--1566
[]|[][]\T1/lmr/m/n/8 Definition 3.39[][], 
 []


Overfull \hbox (1.3984pt too wide) in paragraph at lines 1566--1566
 []|\T1/lmr/m/n/8 ENT/ 
 []


Overfull \hbox (1.98474pt too wide) in paragraph at lines 1566--1566
 \T1/lmr/m/n/8 SURP| 
 []


Overfull \hbox (6.7337pt too wide) in paragraph at lines 1567--1567
[]|[][]\T1/lmr/m/n/8 Definition 3.41[][]|  
 []


Overfull \hbox (1.3984pt too wide) in paragraph at lines 1567--1567
 []|\T1/lmr/m/n/8 ENT/ 
 []


Overfull \hbox (1.98474pt too wide) in paragraph at lines 1567--1567
 \T1/lmr/m/n/8 SURP| 
 []


Overfull \hbox (1.3984pt too wide) in paragraph at lines 1568--1568
 []|\T1/lmr/m/n/8 ENT/ 
 []


Overfull \hbox (1.98474pt too wide) in paragraph at lines 1568--1568
 \T1/lmr/m/n/8 SURP| 
 []


Overfull \hbox (1.3984pt too wide) in paragraph at lines 1569--1569
 []|\T1/lmr/m/n/8 ENT/ 
 []


Overfull \hbox (1.98474pt too wide) in paragraph at lines 1569--1569
 \T1/lmr/m/n/8 SURP| 
 []


Overfull \hbox (2.4837pt too wide) in paragraph at lines 1570--1570
[]|[][]\T1/lmr/m/n/8 Definition 8.3[][]|  
 []


Overfull \hbox (1.3984pt too wide) in paragraph at lines 1570--1570
 []|\T1/lmr/m/n/8 ENT/ 
 []


Overfull \hbox (1.98474pt too wide) in paragraph at lines 1570--1570
 \T1/lmr/m/n/8 SURP| 
 []


Overfull \hbox (1.3984pt too wide) in paragraph at lines 1571--1571
 []|\T1/lmr/m/n/8 ENT/ 
 []


Overfull \hbox (1.98474pt too wide) in paragraph at lines 1571--1571
 \T1/lmr/m/n/8 SURP| 
 []


Overfull \hbox (4.74403pt too wide) in paragraph at lines 1572--1572
[]|[][]\T1/lmr/m/n/8 Corollary 13.6[][]|  
 []


Overfull \hbox (1.3984pt too wide) in paragraph at lines 1572--1572
 []|\T1/lmr/m/n/8 ENT/ 
 []


Overfull \hbox (1.98474pt too wide) in paragraph at lines 1572--1572
 \T1/lmr/m/n/8 SURP| 
 []


Overfull \hbox (6.7337pt too wide) in paragraph at lines 1573--1573
[]|[][]\T1/lmr/m/n/8 Definition 3.46[][]|  
 []


Overfull \hbox (1.3984pt too wide) in paragraph at lines 1573--1573
 []|\T1/lmr/m/n/8 ENT/ 
 []


Overfull \hbox (1.98474pt too wide) in paragraph at lines 1573--1573
 \T1/lmr/m/n/8 SURP| 
 []


Overfull \hbox (6.7337pt too wide) in paragraph at lines 1574--1574
[]|[][]\T1/lmr/m/n/8 Definition 3.47[][]|  
 []


Overfull \hbox (1.3984pt too wide) in paragraph at lines 1574--1574
 []|\T1/lmr/m/n/8 ENT/ 
 []


Overfull \hbox (1.98474pt too wide) in paragraph at lines 1574--1574
 \T1/lmr/m/n/8 SURP| 
 []


Overfull \hbox (12.92648pt too wide) in paragraph at lines 1575--1575
[]|[][]\T1/lmr/m/n/8 Proposition 3.59[][]|  
 []


Overfull \hbox (1.3984pt too wide) in paragraph at lines 1575--1575
 []|\T1/lmr/m/n/8 ENT/ 
 []


Overfull \hbox (1.98474pt too wide) in paragraph at lines 1575--1575
 \T1/lmr/m/n/8 SURP| 
 []


Overfull \hbox (3.08505pt too wide) in paragraph at lines 1576--1576
[]|[][]\T1/lmr/m/n/8 Theorem 3.63[][]|  
 []


Overfull \hbox (1.3984pt too wide) in paragraph at lines 1576--1576
 []|\T1/lmr/m/n/8 ENT/ 
 []


Overfull \hbox (1.98474pt too wide) in paragraph at lines 1576--1576
 \T1/lmr/m/n/8 SURP| 
 []


Overfull \hbox (6.7337pt too wide) in paragraph at lines 1577--1577
[]|[][]\T1/lmr/m/n/8 Definition 3.74[][]|  
 []


Overfull \hbox (1.3984pt too wide) in paragraph at lines 1577--1577
 []|\T1/lmr/m/n/8 ENT/ 
 []


Overfull \hbox (1.98474pt too wide) in paragraph at lines 1577--1577
 \T1/lmr/m/n/8 SURP| 
 []


Overfull \hbox (1.3984pt too wide) in paragraph at lines 1578--1578
 []|\T1/lmr/m/n/8 ENT/ 
 []


Overfull \hbox (1.98474pt too wide) in paragraph at lines 1578--1578
 \T1/lmr/m/n/8 SURP| 
 []


Overfull \hbox (1.3984pt too wide) in paragraph at lines 1579--1579
 []|\T1/lmr/m/n/8 ENT/ 
 []


Overfull \hbox (1.98474pt too wide) in paragraph at lines 1579--1579
 \T1/lmr/m/n/8 SURP| 
 []


Overfull \hbox (1.3984pt too wide) in paragraph at lines 1580--1580
 []|\T1/lmr/m/n/8 ENT/ 
 []


Overfull \hbox (1.98474pt too wide) in paragraph at lines 1580--1580
 \T1/lmr/m/n/8 SURP| 
 []


Overfull \hbox (1.3984pt too wide) in paragraph at lines 1581--1581
 []|\T1/lmr/m/n/8 ENT/ 
 []


Overfull \hbox (1.98474pt too wide) in paragraph at lines 1581--1581
 \T1/lmr/m/n/8 SURP| 
 []


Overfull \hbox (1.3984pt too wide) in paragraph at lines 1582--1582
 []|\T1/lmr/m/n/8 ENT/ 
 []


Overfull \hbox (1.98474pt too wide) in paragraph at lines 1582--1582
 \T1/lmr/m/n/8 SURP| 
 []


Overfull \hbox (4.74403pt too wide) in paragraph at lines 1583--1583
[]|[][]\T1/lmr/m/n/8 Corollary 3.50[][]|  
 []


Overfull \hbox (1.3984pt too wide) in paragraph at lines 1583--1583
 []|\T1/lmr/m/n/8 ENT/ 
 []


Overfull \hbox (1.98474pt too wide) in paragraph at lines 1583--1583
 \T1/lmr/m/n/8 SURP| 
 []


Overfull \hbox (12.92648pt too wide) in paragraph at lines 1584--1584
[]|[][]\T1/lmr/m/n/8 Proposition 3.87[][]|  
 []


Overfull \hbox (1.3984pt too wide) in paragraph at lines 1584--1584
 []|\T1/lmr/m/n/8 ENT/ 
 []


Overfull \hbox (1.98474pt too wide) in paragraph at lines 1584--1584
 \T1/lmr/m/n/8 SURP| 
 []


Overfull \hbox (1.3984pt too wide) in paragraph at lines 1587--1587
 []|\T1/lmr/m/n/8 ENT/ 
 []


Overfull \hbox (0.87804pt too wide) in paragraph at lines 1598--1598
[]|[][]\T1/lmr/m/n/8 Lemmas 7.21[][] 
 []


Overfull \hbox (0.87804pt too wide) in paragraph at lines 1603--1603
[]|[][]\T1/lmr/m/n/8 Lemmas 7.40[][] 
 []


Overfull \hbox (12.44786pt too wide) in paragraph at lines 1605--1605
[]|[][]\T1/lmr/m/n/8 Definitions 7.50[][], 
 []


Overfull \hbox (1.3984pt too wide) in paragraph at lines 1605--1605
 []|\T1/lmr/m/n/8 ENT/ 
 []



[38] [39] [40] [41] [42]
Overfull \hbox (2.2704pt too wide) in paragraph at lines 1615--1615
 []|\T1/lmr/bx/n/8 Stage| 
 []


Overfull \hbox (2.9289pt too wide) in paragraph at lines 1620--1620
 []|\T1/lmr/m/n/8 REM/ 
 []


Overfull \hbox (3.04346pt too wide) in paragraph at lines 1620--1620
 \T1/lmr/m/n/8 CURV| 
 []


Overfull \hbox (2.2704pt too wide) in paragraph at lines 1630--1630
 []|\T1/lmr/bx/n/8 Stage| 
 []


Overfull \hbox (3.04346pt too wide) in paragraph at lines 1633--1633
 []|\T1/lmr/m/n/8 CURV| 
 []


Overfull \hbox (3.04346pt too wide) in paragraph at lines 1634--1634
 []|\T1/lmr/m/n/8 CURV| 
 []


Overfull \hbox (3.04346pt too wide) in paragraph at lines 1635--1635
 []|\T1/lmr/m/n/8 CURV| 
 []


Overfull \hbox (3.04346pt too wide) in paragraph at lines 1636--1636
 []|\T1/lmr/m/n/8 CURV| 
 []


Overfull \hbox (3.04346pt too wide) in paragraph at lines 1637--1637
 []|\T1/lmr/m/n/8 CURV| 
 []


Overfull \hbox (3.04346pt too wide) in paragraph at lines 1638--1638
 []|\T1/lmr/m/n/8 CURV| 
 []


Overfull \hbox (3.04346pt too wide) in paragraph at lines 1639--1639
 []|\T1/lmr/m/n/8 CURV| 
 []


Overfull \hbox (1.77504pt too wide) in paragraph at lines 1640--1640
[]|[][]\T1/lmr/m/n/8 Lemma 10.10[][]|  
 []


Overfull \hbox (3.04346pt too wide) in paragraph at lines 1640--1640
 []|\T1/lmr/m/n/8 CURV| 
 []


Overfull \hbox (8.99403pt too wide) in paragraph at lines 1641--1641
[]|[][]\T1/lmr/m/n/8 Corollary 10.11[][]|  
 []


Overfull \hbox (3.04346pt too wide) in paragraph at lines 1641--1641
 []|\T1/lmr/m/n/8 CURV| 
 []


Overfull \hbox (1.9849pt too wide) in paragraph at lines 1642--1642
 []|\T1/lmr/m/n/8 2BUD| 
 []


Overfull \hbox (1.9849pt too wide) in paragraph at lines 1643--1643
 []|\T1/lmr/m/n/8 2BUD| 
 []


Overfull \hbox (6.7337pt too wide) in paragraph at lines 1644--1644
[]|[][]\T1/lmr/m/n/8 Definition 11.3[][]|  
 []


Overfull \hbox (1.9849pt too wide) in paragraph at lines 1644--1644
 []|\T1/lmr/m/n/8 2BUD| 
 []


Overfull \hbox (1.9849pt too wide) in paragraph at lines 1645--1645
 []|\T1/lmr/m/n/8 2BUD| 
 []


Overfull \hbox (1.9849pt too wide) in paragraph at lines 1646--1646
 []|\T1/lmr/m/n/8 2BUD| 
 []

[43]
Overfull \hbox (2.2704pt too wide) in paragraph at lines 1655--1655
 []|\T1/lmr/bx/n/8 Stage| 
 []


Overfull \hbox (6.7337pt too wide) in paragraph at lines 1658--1658
[]|[][]\T1/lmr/m/n/8 Definition 13.2[][]|  
 []


Overfull \hbox (6.7337pt too wide) in paragraph at lines 1659--1659
[]|[][]\T1/lmr/m/n/8 Definition 13.3[][]|  
 []


Overfull \hbox (12.92648pt too wide) in paragraph at lines 1661--1661
[]|[][]\T1/lmr/m/n/8 Proposition 13.8[][]|  
 []


Overfull \hbox (9.09486pt too wide) in paragraph at lines 1662--1662
[]|[][]\T1/lmr/m/n/8 Definition 14.3[][], 
 []


Overfull \hbox (6.7337pt too wide) in paragraph at lines 1663--1663
[]|[][]\T1/lmr/m/n/8 Definition 14.5[][]|  
 []


Overfull \hbox (13.34486pt too wide) in paragraph at lines 1666--1666
[]|[][]\T1/lmr/m/n/8 Definition 14.10[][], 
 []


Overfull \hbox (4.1362pt too wide) in paragraph at lines 1666--1666
[][]\T1/lmr/m/n/8 Lemma 14.12[][], 
 []


Overfull \hbox (10.9837pt too wide) in paragraph at lines 1667--1667
[]|[][]\T1/lmr/m/n/8 Definition 14.16[][]|  
 []


Overfull \hbox (10.9837pt too wide) in paragraph at lines 1668--1668
[]|[][]\T1/lmr/m/n/8 Definition 14.33[][]|  
 []


Overfull \hbox (1.77504pt too wide) in paragraph at lines 1669--1669
[]|[][]\T1/lmr/m/n/8 Lemma 14.34[][]|  
 []


Overfull \hbox (1.77504pt too wide) in paragraph at lines 1670--1670
[]|[][]\T1/lmr/m/n/8 Lemma 14.38[][]|  
 []


Overfull \hbox (1.77504pt too wide) in paragraph at lines 1671--1671
[]|[][]\T1/lmr/m/n/8 Lemma 14.35[][]|  
 []


Overfull \hbox (1.77504pt too wide) in paragraph at lines 1672--1672
[]|[][]\T1/lmr/m/n/8 Lemma 14.36[][]|  
 []


Overfull \hbox (1.77504pt too wide) in paragraph at lines 1673--1673
[]|[][]\T1/lmr/m/n/8 Lemma 14.37[][]|  
 []


Overfull \hbox (10.9837pt too wide) in paragraph at lines 1674--1674
[]|[][]\T1/lmr/m/n/8 Definition 14.11[][]|  
 []


Overfull \hbox (1.77504pt too wide) in paragraph at lines 1675--1675
[]|[][]\T1/lmr/m/n/8 Lemma 14.23[][]|  
 []


Overfull \hbox (1.77504pt too wide) in paragraph at lines 1676--1676
[]|[][]\T1/lmr/m/n/8 Lemma 14.24[][]|  
 []


Overfull \hbox (1.77504pt too wide) in paragraph at lines 1677--1677
[]|[][]\T1/lmr/m/n/8 Lemma 14.25[][]|  
 []


Overfull \hbox (1.77504pt too wide) in paragraph at lines 1678--1678
[]|[][]\T1/lmr/m/n/8 Lemma 14.39[][]|  
 []


Overfull \hbox (1.77504pt too wide) in paragraph at lines 1679--1679
[]|[][]\T1/lmr/m/n/8 Lemma 14.27[][]|  
 []


Overfull \hbox (1.77504pt too wide) in paragraph at lines 1680--1680
[]|[][]\T1/lmr/m/n/8 Lemma 14.28[][]|  
 []


Overfull \hbox (1.77504pt too wide) in paragraph at lines 1681--1681
[]|[][]\T1/lmr/m/n/8 Lemma 14.32[][]|  
 []


Overfull \hbox (4.1362pt too wide) in paragraph at lines 1682--1682
[]|[][]\T1/lmr/m/n/8 Lemma 14.30[][], 
 []


Overfull \hbox (1.77504pt too wide) in paragraph at lines 1682--1682
[][]\T1/lmr/m/n/8 Lemma 14.31[][]|  
 []


Overfull \hbox (1.77504pt too wide) in paragraph at lines 1683--1683
[]|[][]\T1/lmr/m/n/8 Lemma 14.40[][]|  
 []


Overfull \hbox (10.9837pt too wide) in paragraph at lines 1684--1684
[]|[][]\T1/lmr/m/n/8 Definition 14.46[][]|  
 []


Overfull \hbox (1.77504pt too wide) in paragraph at lines 1685--1685
[]|[][]\T1/lmr/m/n/8 Lemma 14.47[][]|  
 []


Overfull \hbox (10.9837pt too wide) in paragraph at lines 1686--1686
[]|[][]\T1/lmr/m/n/8 Definition 14.48[][]|  
 []


Overfull \hbox (10.9837pt too wide) in paragraph at lines 1687--1687
[]|[][]\T1/lmr/m/n/8 Definition 14.50[][]|  
 []


Overfull \hbox (1.77504pt too wide) in paragraph at lines 1688--1688
[]|[][]\T1/lmr/m/n/8 Lemma 14.56[][]|  
 []


Overfull \hbox (1.77504pt too wide) in paragraph at lines 1689--1689
[]|[][]\T1/lmr/m/n/8 Lemma 14.58[][]|  
 []


Overfull \hbox (17.17648pt too wide) in paragraph at lines 1690--1690
[]|[][]\T1/lmr/m/n/8 Proposition 14.59[][]|  
 []


Overfull \hbox (13.34486pt too wide) in paragraph at lines 1691--1691
[]|[][]\T1/lmr/m/n/8 Definition 14.51[][], 
 []


Overfull \hbox (4.1362pt too wide) in paragraph at lines 1691--1691
[][]\T1/lmr/m/n/8 Lemma 14.52[][], 
 []


Overfull \hbox (1.77504pt too wide) in paragraph at lines 1691--1691
[][]\T1/lmr/m/n/8 Lemma 14.53[][]|  
 []


Overfull \hbox (1.77504pt too wide) in paragraph at lines 1692--1692
[]|[][]\T1/lmr/m/n/8 Lemma 14.54[][]|  
 []


Overfull \hbox (1.77504pt too wide) in paragraph at lines 1693--1693
[]|[][]\T1/lmr/m/n/8 Lemma 14.55[][]|  
 []


Overfull \hbox (13.34486pt too wide) in paragraph at lines 1694--1694
[]|[][]\T1/lmr/m/n/8 Definition 14.60[][], 
 []


Overfull \hbox (3.10167pt too wide) in paragraph at lines 1694--1694
[]|[][]\T1/lmr/m/n/8 Proposition 14.59[][], 
 []


Overfull \hbox (1.77504pt too wide) in paragraph at lines 1695--1695
[]|[][]\T1/lmr/m/n/8 Lemma 14.43[][]|  
 []


Overfull \hbox (1.77504pt too wide) in paragraph at lines 1696--1696
[]|[][]\T1/lmr/m/n/8 Lemma 14.45[][]|  
 []


Overfull \hbox (3.43471pt too wide) in paragraph at lines 1697--1697
[]|[][]\T1/lmr/m/n/8 Remark 14.67[][]|  
 []


Overfull \hbox (13.34486pt too wide) in paragraph at lines 1698--1698
[]|[][]\T1/lmr/m/n/8 Definition 14.68[][], 
 []


Overfull \hbox (13.34486pt too wide) in paragraph at lines 1699--1699
[]|[][]\T1/lmr/m/n/8 Definition 14.73[][], 
 []


Overfull \hbox (4.1362pt too wide) in paragraph at lines 1699--1699
[][]\T1/lmr/m/n/8 Lemma 14.75[][], 
 []


Overfull \hbox (1.77504pt too wide) in paragraph at lines 1699--1699
[][]\T1/lmr/m/n/8 Lemma 14.76[][]|  
 []


Overfull \hbox (4.1362pt too wide) in paragraph at lines 1700--1700
[]|[][]\T1/lmr/m/n/8 Lemma 14.77[][], 
 []


Overfull \hbox (4.1362pt too wide) in paragraph at lines 1700--1700
[][]\T1/lmr/m/n/8 Lemma 14.78[][], 
 []


Overfull \hbox (1.77504pt too wide) in paragraph at lines 1700--1700
[][]\T1/lmr/m/n/8 Lemma 14.79[][]|  
 []


Overfull \hbox (17.17648pt too wide) in paragraph at lines 1701--1701
[]|[][]\T1/lmr/m/n/8 Proposition 14.80[][]|  
 []


Overfull \hbox (8.99403pt too wide) in paragraph at lines 1702--1702
[]|[][]\T1/lmr/m/n/8 Corollary 14.81[][]|  
 []


Overfull \hbox (8.99403pt too wide) in paragraph at lines 1703--1703
[]|[][]\T1/lmr/m/n/8 Corollary 14.82[][]|  
 []


Overfull \hbox (10.9837pt too wide) in paragraph at lines 1704--1704
[]|[][]\T1/lmr/m/n/8 Definition 14.95[][] 
 []


Overfull \hbox (13.34486pt too wide) in paragraph at lines 1705--1705
[]|[][]\T1/lmr/m/n/8 Definition 14.83[][], 
 []


Overfull \hbox (4.1362pt too wide) in paragraph at lines 1705--1705
[][]\T1/lmr/m/n/8 Lemma 14.87[][], 
 []


Overfull \hbox (4.1362pt too wide) in paragraph at lines 1705--1705
[][]\T1/lmr/m/n/8 Lemma 14.89[][], 
 []


Overfull \hbox (10.9837pt too wide) in paragraph at lines 1706--1706
[]|[][]\T1/lmr/m/n/8 Definition 14.19[][]|  
 []


Overfull \hbox (1.77504pt too wide) in paragraph at lines 1707--1707
[]|[][]\T1/lmr/m/n/8 Lemma 14.26[][]|  
 []


Overfull \hbox (10.9837pt too wide) in paragraph at lines 1708--1708
[]|[][]\T1/lmr/m/n/8 Definition 14.18[][]|  
 []


Overfull \hbox (3.43471pt too wide) in paragraph at lines 1709--1709
[]|[][]\T1/lmr/m/n/8 Remark 14.67[][]|  
 []


Overfull \hbox (2.4837pt too wide) in paragraph at lines 1710--1710
[]|[][]\T1/lmr/m/n/8 Definition 3.7[][]|  
 []


Overfull \hbox (6.7337pt too wide) in paragraph at lines 1711--1711
[]|[][]\T1/lmr/m/n/8 Definition 3.15[][]|  
 []


Overfull \hbox (9.09486pt too wide) in paragraph at lines 1713--1713
[]|[][]\T1/lmr/m/n/8 Definition 3.10[][], 
 []


Overfull \hbox (4.74403pt too wide) in paragraph at lines 1714--1714
[]|[][]\T1/lmr/m/n/8 Corollary 3.14[][]|  
 []


Overfull \hbox (4.74403pt too wide) in paragraph at lines 1716--1716
[]|[][]\T1/lmr/m/n/8 Corollary 3.13[][]|  
 []


Overfull \hbox (1.77504pt too wide) in paragraph at lines 1721--1721
[]|[][]\T1/lmr/m/n/8 Lemma 14.70[][]|  
 []


Overfull \hbox (10.9837pt too wide) in paragraph at lines 1722--1722
[]|[][]\T1/lmr/m/n/8 Definition 14.71[][]|  
 []


Overfull \hbox (1.77504pt too wide) in paragraph at lines 1723--1723
[]|[][]\T1/lmr/m/n/8 Lemma 14.98[][]|  
 []


Overfull \hbox (15.2337pt too wide) in paragraph at lines 1724--1724
[]|[][]\T1/lmr/m/n/8 Definition 14.101[][]|  
 []


Overfull \hbox (6.02504pt too wide) in paragraph at lines 1725--1725
[]|[][]\T1/lmr/m/n/8 Lemma 14.104[][]|  
 []


Overfull \hbox (6.02504pt too wide) in paragraph at lines 1726--1726
[]|[][]\T1/lmr/m/n/8 Lemma 14.100[][]|  
 []


Overfull \hbox (6.02504pt too wide) in paragraph at lines 1727--1727
[]|[][]\T1/lmr/m/n/8 Lemma 14.106[][]|  
 []


Overfull \hbox (9.37804pt too wide) in paragraph at lines 1728--1728
[]|[][]\T1/lmr/m/n/8 Lemmas 14.102[][] 
 []


Overfull \hbox (3.08505pt too wide) in paragraph at lines 1729--1729
[]|[][]\T1/lmr/m/n/8 Theorem 15.1[][]|  
 []


Overfull \hbox (7.33505pt too wide) in paragraph at lines 1730--1730
[]|[][]\T1/lmr/m/n/8 Theorem 15.48[][]|  
 []

[44] [45] [46] [47] [48]
Overfull \hbox (1.70805pt too wide) in paragraph at lines 1742--1742
 []|\T1/lmr/bx/n/8 Inv.| 
 []

[49] [50]

[51]

[52]
Overfull \hbox (16.82625pt too wide) in paragraph at lines 1915--1916
[]|\T1/lmr/m/n/10.95 Counterexample 
 []



[53]

[54]

[55]

[56]

[57]

[58]

[59]

[60]

[61]

[62]
Overfull \hbox (7.31209pt too wide) in paragraph at lines 2667--2669
[]\T1/lmr/m/it/10.95 a non-triv-ial target-complete com-pres-sion of a proper a
tom, for-bid-den by [][]Lemma 3.103[][] and [][]Corol-
 []


Overfull \hbox (8.0684pt too wide) in paragraph at lines 2671--2673
[]\T1/lmr/m/it/10.95 an open-port sup-pres-sion cy-cle whose chord set vi-o-lat
es the arith-metic con-clu-sion of [][]Lemma 3.25[][]. 
 []



[63]

[64]

[65]

[66]

[67]

[68]

[69]

[70]

[71]

[72]

[73]

[74]

[75]

[76]

[77]

[78]

[79]

[80]

[81]

[82]

[83]

[84]

[85]

[86]

[87]

[88]
Overfull \hbox (1.56326pt too wide) in paragraph at lines 4816--4819
\T1/lmr/m/it/10.95 is label-injective un-der ev-ery ad-mit-ted rank quo-tient. 
No en-tropy or si-mul-ta-ne-ous Boolean-realization
 []



[89]

[90]

[91]

[92]

[93]

[94]

[95]

[96]

[97]

[98]

[99]

[100]

[101]

[102]

[103] [104]

[105]

[106]

[107]

[108]
LaTeX Font Info:    External font `lmex10' loaded for size
(Font)              <14.4> on input line 6327.
 [109]

[110]

[111]
Overfull \hbox (6.52563pt too wide) in paragraph at lines 6608--6609
\OT1/lmr/m/n/10.95 118\OML/lmm/m/it/10.95 :\OT1/lmr/m/n/10.95 108581006 []$\T1/
lmr/m/n/10.95 .|  
 []

[112]

[113]

[114]

[115]

[116]

[117]

[118]

[119]

[120]

[121]

[122]

[123]

[124]

[125]

[126]

[127]

[128]

[129]

[130]

[131]
Overfull \hbox (2.46556pt too wide) in paragraph at lines 8058--8058
 []|\T1/lmr/bx/n/10.95 Case| 
 []


Overfull \hbox (2.46556pt too wide) in paragraph at lines 8062--8062
 []|\T1/lmr/bx/n/10.95 Case| 
 []

[132]

[133] [134]

[135]

[136]

[137] [138]

[139]

[140]

[141]
Overfull \hbox (4.01591pt too wide) in paragraph at lines 8813--8814
[]\T1/lmr/m/n/10.95 if the de-ter-mi-na-tion fails for some out-side con-text, 
it is not pre-served un-der context-universality
 []



[142]

[143]
Overfull \hbox (26.05666pt too wide) in paragraph at lines 8938--8939
[]\T1/lmr/bx/n/10.95 Lemma 10.10 \T1/lmr/m/n/10.95 (Forc-ing of full ad-mis-si-
ble quo-tien-t-rank)\T1/lmr/bx/n/10.95 . []\T1/lmr/m/it/10.95 In a min-i-mal co
un-terex-am-ple, the manuscript's
 []



[144]

[145] [146]

[147]

[148]

[149]

[150]
Overfull \hbox (4.05206pt too wide) in paragraph at lines 9508--9509
[]|\T1/lmr/m/n/10.95 Nonrepetitive 
 []

[151]

[152] [153]

[154]

[155]

[156] [157]

[158]

[159]

[160]

[161]

[162]

[163]

[164]

[165]

[166]

[167]

[168]

[169]

[170]

[171]

[172]

[173]

[174]
Overfull \hbox (22.29398pt too wide) in paragraph at lines 11275--11279
[]\T1/lmr/m/n/10.95 If a com-ple-tion port con-tains four vis-i-ble receiver-en
try re-turns from un-peeled loads, [][]Lemma 14.35[][]
 []


Overfull \hbox (11.0674pt too wide) in paragraph at lines 11280--11284
[]\T1/lmr/m/n/10.95 If no com-ple-tion port con-tains four vis-i-ble receiver-e
ntry re-turns from un-peeled loads, [][]Lemma 14.36[][]
 []



[175]

[176]

[177]

[178]

[179]

[180]

[181]

[182]

[183]
Overfull \hbox (24.02107pt too wide) in paragraph at lines 11996--12004
[]\T1/lmr/m/n/10.95 The wit-ness dis-tin-guishes the core state $\OML/lmm/m/it/
10.95 ^^Z[]\OT1/lmr/m/n/10.95 (\OML/lmm/m/it/10.95 B[]\OT1/lmr/m/n/10.95 )\OMS/
lmsy/m/n/10.95 j[]$ \T1/lmr/m/n/10.95 from the smaller re-stric-tion $\OML/lmm/
m/it/10.95 ^^Z[]\OT1/lmr/m/n/10.95 (\OML/lmm/m/it/10.95 B[]\OT1/lmr/m/n/10.95 )
\OMS/lmsy/m/n/10.95 j[]$
 []



[184]

[185]

[186]

[187]

[188]

[189]
Overfull \hbox (6.06862pt too wide) in paragraph at lines 12540--12542
\T1/lmr/m/n/10.95 and [][]Lemma 14.39[][].|  
 []


Overfull \hbox (5.85645pt too wide) in paragraph at lines 12605--12607
[]|[][]\T1/lmr/m/n/10.95 Proposition 14.62[][].|  
 []



[190]

[191]

[192]

[193]

[194]

[195]

[196]

[197]

[198]

[199]

[200]

[201]
Overfull \hbox (6.91724pt too wide) detected at line 13549
\OML/lmm/m/it/10.95 a[]\OT1/lmr/m/n/10.95 (\OML/lmm/m/it/10.95 u\OT1/lmr/m/n/10
.95 ) = []\OMS/lmsy/m/n/10.95 f\OML/lmm/m/it/10.95 z \OMS/lmsy/m/n/10.95 2 \OML
/lmm/m/it/10.95 N[]\OT1/lmr/m/n/10.95 (\OML/lmm/m/it/10.95 u\OT1/lmr/m/n/10.95 
) \OMS/lmsy/m/n/10.95 n f\OML/lmm/m/it/10.95 h\OMS/lmsy/m/n/10.95 g \OT1/lmr/m/
n/10.95 : \OML/lmm/m/it/10.95 uz[]\OMS/lmsy/m/n/10.95 g[] [] \OML/lmm/m/it/10.9
5 q[]\OT1/lmr/m/n/10.95 (\OML/lmm/m/it/10.95 u\OT1/lmr/m/n/10.95 ) = 11 \OMS/lm
sy/m/n/10.95 ^^@ \OT1/lmr/m/n/10.95 4[]1 + \OML/lmm/m/it/10.95 a[]\OT1/lmr/m/n/
10.95 (\OML/lmm/m/it/10.95 u\OT1/lmr/m/n/10.95 )[]\OML/lmm/m/it/10.95 :
 []



[202]

[203]

[204]
Overfull \hbox (2.2062pt too wide) in paragraph at lines 13704--13711
[][]\T1/lmr/m/it/10.95 Propo-si-tion 14.80[][], an un-marked fan cen-ter is a f
an-certificate resid-ual cen-ter. If the fan is certificate-
 []



[205]
Overfull \hbox (0.53152pt too wide) in paragraph at lines 13874--13874
 [][]\T1/lmr/m/n/8 replacement 
 []



[206]

[207]

[208]
Overfull \hbox (2.84644pt too wide) in paragraph at lines 14095--14099
\T1/lmr/m/it/10.95 The sec-ond bracket equals $\OT1/lmr/m/n/10.95 4 [][] \OML/l
mm/m/it/10.95 ^^N[]\OT1/lmr/m/n/10.95 (\OML/lmm/m/it/10.95 h\OT1/lmr/m/n/10.95 
)$ \T1/lmr/m/it/10.95 and is there-fore non-neg-a-tive. Con-se-quently ei-ther 
$\OMS/lmsy/m/n/10.95 N\OT1/lmr/m/n/10.95 (\OML/lmm/m/it/10.95 X\OT1/lmr/m/n/10.
95 ) \OMS/lmsy/m/n/10.95 ^^U
 []



[209]

[210]

[211]

[212]

[213]

[214]
Overfull \hbox (9.68884pt too wide) in paragraph at lines 14540--14541
[]|\T1/lmr/m/n/8 [68]$\OMS/lmsy/m/n/8 !$\T1/lmr/m/n/8 [78]$\OMS/lmsy/m/n/8 !$\T
1/lmr/m/n/8 [79]|  
 []


Overfull \hbox (9.68884pt too wide) in paragraph at lines 14580--14581
[]|\T1/lmr/m/n/8 [80]$\OMS/lmsy/m/n/8 !$\T1/lmr/m/n/8 [81]$\OMS/lmsy/m/n/8 !$\T
1/lmr/m/n/8 [84]|  
 []

[215] [216]

[217]

[218]

[219]

[220]

[221]
Overfull \hbox (11.33144pt too wide) in paragraph at lines 15167--15169
[]|[][]\T1/lmr/m/n/10.95 Proposition 14.107[][].|  
 []

[222]

[223]
Overfull \hbox (5.85645pt too wide) in paragraph at lines 15304--15306
[]|[][]\T1/lmr/m/n/10.95 Proposition 14.97[][].|  
 []



[224]

[225]

[226]

[227]

[228]

[229]

[230]

[231]

[232]
Overfull \hbox (3.98444pt too wide) in paragraph at lines 16000--16004
\T1/lmr/m/n/10.95 By [][]Lemma 15.21[][] and the hy-poth-e-sis that the type (A
2) units have routed to their proper-compression
 []



[233]

[234]

[235]

[236]
Overfull \hbox (3.83363pt too wide) in paragraph at lines 16397--16401
[]\T1/lmr/bx/n/10.95 Definition 15.32 \T1/lmr/m/n/10.95 (Ze-ro-shadow prim-i-ti
ve ex-cess)\T1/lmr/bx/n/10.95 . []\T1/lmr/m/it/10.95 As-sume the branch of [][]
Lemma 15.26[][]. A primitive-
 []



[237]

[238]

[239]

[240]

[241]

[242]

[243]

[244]
Overfull \hbox (4.65512pt too wide) in paragraph at lines 17168--17178
[]\T1/lmr/m/n/10.95 The sec-ond al-ter-na-tive can-not oc-cur in-finitely many 
times, be-cause the in-te-ger $\OT1/lmr/m/n/10.95 ^^C[]$ \T1/lmr/m/n/10.95 of [
][]Lemma 15.47[][]
 []



[245]
Overfull \hbox (4.14572pt too wide) in paragraph at lines 17328--17328
 []\T1/lmr/m/n/8 pressure/route- 
 []


Overfull \hbox (7.10095pt too wide) in paragraph at lines 17328--17328
 [][]\T1/lmr/m/n/6 extract 
 []


Overfull \hbox (0.59363pt too wide) in paragraph at lines 17348--17350
\T1/lmr/m/n/10.95 and [][]Lemma 15.4[][].|  
 []


Overfull \hbox (10.17566pt too wide) in paragraph at lines 17374--17376
[]|[][]\T1/lmr/m/n/10.95 Propositions 15.22[][], 
 []


Overfull \hbox (2.8148pt too wide) in paragraph at lines 17400--17402
[]|[][]\T1/lmr/m/n/10.95 Proposition 14.62[][] 
 []

[246] (/usr/share/texlive/texmf-dist/tex/latex/listings/lstlang1.sty
File: lstlang1.sty 2024/09/23 1.10c listings language file
)
LaTeX Font Info:    Font shape `T1/lmtt/bx/n' in size <10> not available
(Font)              Font shape `T1/lmtt/b/n' tried instead on input line 17413.



[247]

[248]

[249]

[250]
LaTeX Font Info:    Trying to load font information for TS1+lmtt on input line 
17640.
 (/usr/share/texmf/tex/latex/lm/ts1lmtt.fd
File: ts1lmtt.fd 2015/05/01 v1.6.1 Font defs for Latin Modern
)
Overfull \hbox (6.06862pt too wide) in paragraph at lines 17724--17726
\T1/lmr/m/n/10.95 and [][]Lemma 14.98[][].|  
 []



[251{/usr/share/texmf/fonts/enc/dvips/lm/lm-ts1.enc}]

[252]

[253]

[254] [255

]
Overfull \hbox (1.18613pt too wide) in paragraph at lines 17836--17836
[]|[][]\T1/lmr/m/n/8 Theorem 5.1[][] 
 []


Overfull \hbox (1.53578pt too wide) in paragraph at lines 17848--17848
[]|[][]\T1/lmr/m/n/8 Remark 7.65[][] 
 []


Overfull \hbox (1.67586pt too wide) in paragraph at lines 17849--17849
[]|\T1/lmr/bx/n/8 Framework- 
 []


Overfull \hbox (6.06725pt too wide) in paragraph at lines 17849--17849
\T1/lmr/bx/n/8 independent. 
 []


Overfull \hbox (4.12611pt too wide) in paragraph at lines 17862--17862
[]|[][]\T1/lmr/m/n/8 Lemma 10.10[][]|  
 []


Overfull \hbox (0.84796pt too wide) in paragraph at lines 17862--17862
\T1/lmr/m/n/8 ([][]Lemma 10.9[][], 
 []


Overfull \hbox (1.84976pt too wide) in paragraph at lines 17863--17863
[]|\T1/lmr/m/n/8 qualitative 
 []


Overfull \hbox (15.27756pt too wide) in paragraph at lines 17864--17864
[]|[][]\T1/lmr/m/n/8 Proposition 12.2[][] 
 []



[256]
Overfull \hbox (15.27756pt too wide) in paragraph at lines 17876--17876
[]|[][]\T1/lmr/m/n/8 Proposition 13.8[][] 
 []


Overfull \hbox (4.12611pt too wide) in paragraph at lines 17877--17877
[]|[][]\T1/lmr/m/n/8 Lemma 14.45[][] 
 []


Overfull \hbox (4.12611pt too wide) in paragraph at lines 17878--17878
[]|[][]\T1/lmr/m/n/8 Lemma 14.98[][] 
 []


Overfull \hbox (6.48727pt too wide) in paragraph at lines 17878--17878
[][]\T1/lmr/m/n/8 Lemma 14.75[][], 
 []


Overfull \hbox (6.48727pt too wide) in paragraph at lines 17878--17878
[][]\T1/lmr/m/n/8 Lemma 14.76[][], 
 []


Overfull \hbox (6.48727pt too wide) in paragraph at lines 17878--17878
[][]\T1/lmr/m/n/8 Lemma 14.77[][], 
 []


Overfull \hbox (6.48727pt too wide) in paragraph at lines 17878--17878
[][]\T1/lmr/m/n/8 Lemma 14.78[][], 
 []


Overfull \hbox (6.48727pt too wide) in paragraph at lines 17878--17878
[][]\T1/lmr/m/n/8 Lemma 14.79[][], 
 []


Overfull \hbox (6.48727pt too wide) in paragraph at lines 17878--17878
[][]\T1/lmr/m/n/8 Lemma 14.87[][], 
 []


Overfull \hbox (6.48727pt too wide) in paragraph at lines 17878--17878
[][]\T1/lmr/m/n/8 Lemma 14.89[][], 
 []


Overfull \hbox (10.73727pt too wide) in paragraph at lines 17878--17878
[][]\T1/lmr/m/n/8 Lemma 14.102[][], 
 []


Overfull \hbox (10.73727pt too wide) in paragraph at lines 17878--17878
[][]\T1/lmr/m/n/8 Lemma 14.104[][], 
 []


Overfull \hbox (10.73727pt too wide) in paragraph at lines 17878--17878
[][]\T1/lmr/m/n/8 Lemma 14.105[][], 
 []


Overfull \hbox (10.73727pt too wide) in paragraph at lines 17878--17878
[][]\T1/lmr/m/n/8 Lemma 14.106[][], 
 []


Overfull \hbox (4.12611pt too wide) in paragraph at lines 17878--17878
[][]\T1/lmr/m/n/8 Lemma 14.66[][]|  
 []


Overfull \hbox (1.6214pt too wide) in paragraph at lines 17878--17878
[]|\T1/lmr/m/n/8 certificate- 
 []


Overfull \hbox (5.43613pt too wide) in paragraph at lines 17879--17879
[]|[][]\T1/lmr/m/n/8 Theorem 15.1[][]|  
 []


Overfull \hbox (7.46123pt too wide) in paragraph at lines 17879--17879
\T1/lmr/m/n/8 pressure/route- 
 []


Overfull \hbox (9.68613pt too wide) in paragraph at lines 17880--17880
[]|[][]\T1/lmr/m/n/8 Theorem 15.48[][]|  
 []


Overfull \hbox (15.69594pt too wide) in paragraph at lines 17881--17881
[]|[][]\T1/lmr/m/n/8 Definition 14.50[][], 
 []



[257] [258] [259] [260]

[261]

[262]
Overfull \hbox (2.30202pt too wide) in paragraph at lines 18030--18031
\T1/lmr/m/n/10.95 charge, about $\OT1/lmr/m/n/10.95 4\OML/lmm/m/it/10.95 :\OT1/
lmr/m/n/10.95 1\OMS/lmsy/m/n/10.95 ^^B$ \T1/lmr/m/n/10.95 slack); [60] net-char
ge (cov-ered by [30], about $\OT1/lmr/m/n/10.95 9\OML/lmm/m/it/10.95 :\OT1/lmr/
m/n/10.95 6%$ \T1/lmr/m/n/10.95 slack); [32]/[47] \T1/lmtt/m/n/10.95 fullrank
 []



[263]

[264]

[265] (./erdos_64_proof.aux)
 ***********
LaTeX2e <2024-11-01> patch level 2
L3 programming layer <2025-01-18>
 ***********
Package rerunfilecheck Info: File `erdos_64_proof.out' has not changed.
(rerunfilecheck)             Checksum: 2ADDC432986799BC7244BE465DD0C29B;7651.
 ) 
Here is how much of TeX's memory you used:
 34293 strings out of 473197
 630947 string characters out of 5718606
 1478490 words of memory out of 5000000
 55740 multiletter control sequences out of 15000+600000
 702056 words of font info for 129 fonts, out of 8000000 for 9000
 1141 hyphenation exceptions out of 8191
 84i,15n,91p,3238b,2158s stack positions out of 10000i,1000n,20000p,200000b,200000s
</usr/share/texlive/texmf-dist/fonts/type1/public/amsfonts/euler/eufm10.pfb><
/usr/share/texlive/texmf-dist/fonts/type1/public/amsfonts/euler/eufm7.pfb></usr
/share/texmf/fonts/type1/public/lm/lmbx10.pfb></usr/share/texmf/fonts/type1/pub
lic/lm/lmbx12.pfb></usr/share/texmf/fonts/type1/public/lm/lmbx8.pfb></usr/share
/texmf/fonts/type1/public/lm/lmbxi10.pfb></usr/share/texmf/fonts/type1/public/l
m/lmcsc10.pfb></usr/share/texmf/fonts/type1/public/lm/lmex10.pfb></usr/share/te
xmf/fonts/type1/public/lm/lmmi10.pfb></usr/share/texmf/fonts/type1/public/lm/lm
mi12.pfb></usr/share/texmf/fonts/type1/public/lm/lmmi5.pfb></usr/share/texmf/fo
nts/type1/public/lm/lmmi6.pfb></usr/share/texmf/fonts/type1/public/lm/lmmi7.pfb
></usr/share/texmf/fonts/type1/public/lm/lmmi8.pfb></usr/share/texmf/fonts/type
1/public/lm/lmr10.pfb></usr/share/texmf/fonts/type1/public/lm/lmr12.pfb></usr/s
hare/texmf/fonts/type1/public/lm/lmr17.pfb></usr/share/texmf/fonts/type1/public
/lm/lmr5.pfb></usr/share/texmf/fonts/type1/public/lm/lmr6.pfb></usr/share/texmf
/fonts/type1/public/lm/lmr7.pfb></usr/share/texmf/fonts/type1/public/lm/lmr8.pf
b></usr/share/texmf/fonts/type1/public/lm/lmri10.pfb></usr/share/texmf/fonts/ty
pe1/public/lm/lmri8.pfb></usr/share/texmf/fonts/type1/public/lm/lmss10.pfb></us
r/share/texmf/fonts/type1/public/lm/lmss8.pfb></usr/share/texmf/fonts/type1/pub
lic/lm/lmsy10.pfb></usr/share/texmf/fonts/type1/public/lm/lmsy6.pfb></usr/share
/texmf/fonts/type1/public/lm/lmsy7.pfb></usr/share/texmf/fonts/type1/public/lm/
lmsy8.pfb></usr/share/texmf/fonts/type1/public/lm/lmtk10.pfb></usr/share/texmf/
fonts/type1/public/lm/lmtt10.pfb></usr/share/texmf/fonts/type1/public/lm/lmtt12
.pfb></usr/share/texmf/fonts/type1/public/lm/lmtt8.pfb></usr/share/texmf/fonts/
type1/public/lm/lmtti10.pfb></usr/share/texlive/texmf-dist/fonts/type1/public/a
msfonts/symbols/msam10.pfb></usr/share/texlive/texmf-dist/fonts/type1/public/am
sfonts/symbols/msbm10.pfb></usr/share/texlive/texmf-dist/fonts/type1/public/ams
fonts/symbols/msbm7.pfb>
Output written on erdos_64_proof.pdf (265 pages, 1887352 bytes).
PDF statistics:
 5451 PDF objects out of 6186 (max. 8388607)
 5027 compressed objects within 51 object streams
 1325 named destinations out of 1440 (max. 500000)
 245 words of extra memory for PDF output out of 10000 (max. 10000000)

